-------------------------------------------------------------------------------
Test set: com.sergio.RegisterApp.AppTest
-------------------------------------------------------------------------------
Tests run: 1, Failures: 1, Errors: 0, Skipped: 0, Time elapsed: 0.038 s <<< FAILURE! - in com.sergio.RegisterApp.AppTest
filesSaved(com.sergio.RegisterApp.AppTest)  Time elapsed: 0.008 s  <<< FAILURE!
java.lang.AssertionError
	at com.sergio.RegisterApp.AppTest.filesSaved(AppTest.java:26)

